2025-06-24 21:01:12,567 [INFO] Refreshing AIRTEL - 1day
2025-06-24 21:01:13,123 [INFO] Refreshing AIRTEL - 1month
2025-06-24 21:01:14,614 [INFO] Refreshing AIRTEL - 1year
2025-06-24 21:01:18,229 [INFO] Refreshing TNM - 1day
2025-06-24 21:01:18,803 [INFO] Refreshing TNM - 1month
2025-06-24 21:01:19,391 [INFO] Refreshing TNM - 1year
2025-06-24 21:01:20,208 [INFO] Refreshing NBM - 1day
2025-06-24 21:01:20,766 [INFO] Refreshing NBM - 1month
2025-06-24 21:01:22,144 [INFO] Refreshing NBM - 1year
2025-06-24 21:01:23,840 [INFO] Refreshing STANDARD - 1day
2025-06-24 21:01:24,413 [INFO] Refreshing STANDARD - 1month
2025-06-24 21:01:25,841 [INFO] Refreshing STANDARD - 1year
2025-06-24 21:01:29,433 [INFO] Refreshing NICO - 1day
2025-06-24 21:01:29,986 [INFO] Refreshing NICO - 1month
2025-06-24 21:01:31,506 [INFO] Refreshing NICO - 1year
2025-06-24 21:01:33,171 [INFO] Refreshing FDHB - 1day
2025-06-24 21:01:33,732 [INFO] Refreshing FDHB - 1month
2025-06-24 21:01:35,149 [INFO] Refreshing FDHB - 1year
2025-06-24 21:01:36,975 [INFO] Refreshing BHL - 1day
2025-06-24 21:01:37,333 [INFO] Refreshing BHL - 1month
2025-06-24 21:01:38,543 [INFO] Refreshing FMBCH - 1day
2025-06-24 21:01:38,912 [INFO] Refreshing FMBCH - 1month
2025-06-24 21:01:40,111 [INFO] Refreshing ICON - 1day
2025-06-24 21:01:40,476 [INFO] Refreshing ICON - 1month
2025-06-24 21:01:47,551 [INFO] Refreshing ILLOVO - 1day
2025-06-24 21:01:47,919 [INFO] Refreshing ILLOVO - 1month
2025-06-24 21:01:54,066 [INFO] Refreshing MPICO - 1day
2025-06-24 21:01:54,409 [INFO] Refreshing MPICO - 1month
2025-06-24 21:01:55,672 [INFO] Refreshing NBS - 1day
2025-06-24 21:01:56,030 [INFO] Refreshing NBS - 1month
2025-06-24 21:01:59,264 [INFO] Refreshing NITL - 1day
2025-06-24 21:01:59,623 [INFO] Refreshing NITL - 1month
2025-06-24 21:02:00,861 [INFO] Refreshing OMU - 1day
2025-06-24 21:02:01,225 [INFO] Refreshing OMU - 1month
2025-06-24 21:02:02,440 [INFO] Refreshing PCL - 1day
2025-06-24 21:02:02,811 [INFO] Refreshing PCL - 1month
2025-06-24 21:02:04,051 [INFO] Refreshing SUNBIRD - 1day
2025-06-24 21:02:04,420 [INFO] Refreshing SUNBIRD - 1month
2025-06-24 21:02:07,707 [INFO] ==================================================
2025-06-24 21:02:07,725 [INFO] ==================================================
2025-06-24 22:04:09,158 [INFO] 🚀 Starting daily cache refresh
2025-06-24 22:04:09,158 [INFO] 📈 Phase 1: Priority symbols (most important data)
2025-06-24 22:04:09,158 [INFO] Refreshing AIRTEL - 1day
2025-06-24 22:04:09,210 [INFO] ✅ AIRTEL 1day: 71 data points refreshed
2025-06-24 22:04:09,711 [INFO] Refreshing AIRTEL - 1month
2025-06-24 22:04:09,798 [INFO] ✅ AIRTEL 1month: 20 data points refreshed
2025-06-24 22:04:10,299 [INFO] Refreshing AIRTEL - 1year
2025-06-24 22:04:10,567 [INFO] ✅ AIRTEL 1year: 248 data points refreshed
2025-06-24 22:04:11,068 [INFO] Refreshing TNM - 1day
2025-06-24 22:04:11,135 [INFO] ✅ TNM 1day: 71 data points refreshed
2025-06-24 22:04:11,636 [INFO] Refreshing TNM - 1month
2025-06-24 22:04:11,725 [INFO] ✅ TNM 1month: 20 data points refreshed
2025-06-24 22:04:12,225 [INFO] Refreshing TNM - 1year
2025-06-24 22:04:12,544 [INFO] ✅ TNM 1year: 248 data points refreshed
2025-06-24 22:04:13,047 [INFO] Refreshing NBM - 1day
2025-06-24 22:04:13,115 [INFO] ✅ NBM 1day: 71 data points refreshed
2025-06-24 22:04:13,616 [INFO] Refreshing NBM - 1month
2025-06-24 22:04:13,722 [INFO] ✅ NBM 1month: 20 data points refreshed
2025-06-24 22:04:14,236 [INFO] Refreshing NBM - 1year
2025-06-24 22:04:14,577 [INFO] ✅ NBM 1year: 248 data points refreshed
2025-06-24 22:04:15,079 [INFO] Refreshing STANDARD - 1day
2025-06-24 22:04:15,135 [INFO] ✅ STANDARD 1day: 71 data points refreshed
2025-06-24 22:04:15,648 [INFO] Refreshing STANDARD - 1month
2025-06-24 22:04:15,734 [INFO] ✅ STANDARD 1month: 20 data points refreshed
2025-06-24 22:04:16,235 [INFO] Refreshing STANDARD - 1year
2025-06-24 22:04:16,551 [INFO] ✅ STANDARD 1year: 248 data points refreshed
2025-06-24 22:04:17,053 [INFO] Refreshing NICO - 1day
2025-06-24 22:04:17,084 [INFO] ✅ NICO 1day: 71 data points refreshed
2025-06-24 22:04:17,585 [INFO] Refreshing NICO - 1month
2025-06-24 22:04:17,675 [INFO] ✅ NICO 1month: 20 data points refreshed
2025-06-24 22:04:18,176 [INFO] Refreshing NICO - 1year
2025-06-24 22:04:18,482 [INFO] ✅ NICO 1year: 248 data points refreshed
2025-06-24 22:04:18,983 [INFO] Refreshing FDHB - 1day
2025-06-24 22:04:19,040 [INFO] ✅ FDHB 1day: 71 data points refreshed
2025-06-24 22:04:19,545 [INFO] Refreshing FDHB - 1month
2025-06-24 22:04:19,643 [INFO] ✅ FDHB 1month: 20 data points refreshed
2025-06-24 22:04:20,144 [INFO] Refreshing FDHB - 1year
2025-06-24 22:04:20,414 [INFO] ✅ FDHB 1year: 248 data points refreshed
2025-06-24 22:04:20,915 [INFO] 📊 Phase 2: Remaining symbols (essential data)
2025-06-24 22:04:20,915 [INFO] Refreshing BHL - 1day
2025-06-24 22:04:20,975 [INFO] ✅ BHL 1day: 71 data points refreshed
2025-06-24 22:04:21,276 [INFO] Refreshing BHL - 1month
2025-06-24 22:04:21,367 [INFO] ✅ BHL 1month: 20 data points refreshed
2025-06-24 22:04:21,671 [INFO] Refreshing FMBCH - 1day
2025-06-24 22:04:21,716 [INFO] ✅ FMBCH 1day: 71 data points refreshed
2025-06-24 22:04:22,017 [INFO] Refreshing FMBCH - 1month
2025-06-24 22:04:22,097 [INFO] ✅ FMBCH 1month: 20 data points refreshed
2025-06-24 22:04:22,402 [INFO] Refreshing ICON - 1day
2025-06-24 22:04:22,455 [INFO] ✅ ICON 1day: 71 data points refreshed
2025-06-24 22:04:22,756 [INFO] Refreshing ICON - 1month
2025-06-24 22:04:22,825 [INFO] ✅ ICON 1month: 20 data points refreshed
2025-06-24 22:04:23,127 [INFO] Refreshing ILLOVO - 1day
2025-06-24 22:04:23,180 [INFO] ✅ ILLOVO 1day: 71 data points refreshed
2025-06-24 22:04:23,492 [INFO] Refreshing ILLOVO - 1month
2025-06-24 22:04:23,583 [INFO] ✅ ILLOVO 1month: 20 data points refreshed
2025-06-24 22:04:23,884 [INFO] Refreshing MPICO - 1day
2025-06-24 22:04:23,933 [INFO] ✅ MPICO 1day: 71 data points refreshed
2025-06-24 22:04:24,233 [INFO] Refreshing MPICO - 1month
2025-06-24 22:04:24,316 [INFO] ✅ MPICO 1month: 20 data points refreshed
2025-06-24 22:04:24,617 [INFO] Refreshing NBS - 1day
2025-06-24 22:04:24,666 [INFO] ✅ NBS 1day: 71 data points refreshed
2025-06-24 22:04:24,968 [INFO] Refreshing NBS - 1month
2025-06-24 22:04:25,046 [INFO] ✅ NBS 1month: 20 data points refreshed
2025-06-24 22:04:25,352 [INFO] Refreshing NITL - 1day
2025-06-24 22:04:25,389 [INFO] ✅ NITL 1day: 71 data points refreshed
2025-06-24 22:04:25,691 [INFO] Refreshing NITL - 1month
2025-06-24 22:04:25,782 [INFO] ✅ NITL 1month: 20 data points refreshed
2025-06-24 22:04:26,083 [INFO] Refreshing OMU - 1day
2025-06-24 22:04:26,138 [INFO] ✅ OMU 1day: 71 data points refreshed
2025-06-24 22:04:26,440 [INFO] Refreshing OMU - 1month
2025-06-24 22:04:26,532 [INFO] ✅ OMU 1month: 20 data points refreshed
2025-06-24 22:04:26,833 [INFO] Refreshing PCL - 1day
2025-06-24 22:04:26,900 [INFO] ✅ PCL 1day: 71 data points refreshed
2025-06-24 22:04:27,201 [INFO] Refreshing PCL - 1month
2025-06-24 22:04:27,305 [INFO] ✅ PCL 1month: 20 data points refreshed
2025-06-24 22:04:27,606 [INFO] Refreshing SUNBIRD - 1day
2025-06-24 22:04:27,663 [INFO] ✅ SUNBIRD 1day: 71 data points refreshed
2025-06-24 22:04:27,967 [INFO] Refreshing SUNBIRD - 1month
2025-06-24 22:04:28,029 [INFO] ✅ SUNBIRD 1month: 20 data points refreshed
2025-06-24 22:04:28,337 [INFO] ==================================================
2025-06-24 22:04:28,337 [INFO] 📊 DAILY REFRESH COMPLETE
2025-06-24 22:04:28,337 [INFO] ⏱️  Duration: 0:00:19.178599
2025-06-24 22:04:28,339 [INFO] 📈 Total requests: 38
2025-06-24 22:04:28,340 [INFO] ✅ Successful: 38
2025-06-24 22:04:28,340 [INFO] ❌ Failed: 0
2025-06-24 22:04:28,340 [INFO] 📊 Success rate: 100.0%
2025-06-24 22:04:28,340 [INFO] ==================================================
